2024-12-09 00:46:43,282 - INFO - [PACKET 1] Type: TCP, Source: 91.108.56.107, Destination: 192.168.1.7, Length: 66 bytes
2024-12-09 00:47:13,406 - INFO - [PACKET 2] Type: TCP, Source: 91.108.56.107, Destination: 192.168.1.7, Length: 155 bytes
2024-12-09 00:47:28,081 - INFO - [PACKET 3] Type: TCP, Source: 91.108.56.107, Destination: 192.168.1.7, Length: 66 bytes
2024-12-09 00:47:42,477 - INFO - [PACKET 4] Type: TCP, Source: 91.108.56.107, Destination: 192.168.1.7, Length: 155 bytes
2024-12-09 00:49:43,902 - INFO - [PACKET 5] Type: TCP, Source: 91.108.56.107, Destination: 192.168.1.7, Length: 66 bytes
2024-12-09 00:49:45,291 - INFO - [PACKET 6] Type: TCP, Source: 91.108.56.107, Destination: 192.168.1.7, Length: 155 bytes
2024-12-09 00:49:45,946 - INFO - [PACKET 7] Type: TCP, Source: 91.108.56.107, Destination: 192.168.1.7, Length: 66 bytes
2024-12-09 00:49:46,489 - INFO - [PACKET 8] Type: TCP, Source: 91.108.56.107, Destination: 192.168.1.7, Length: 894 bytes
2024-12-09 00:49:46,957 - INFO - [PACKET 9] Type: TCP, Source: 91.108.56.107, Destination: 192.168.1.7, Length: 798 bytes
2024-12-09 00:49:47,522 - INFO - [PACKET 10] Type: TCP, Source: 91.108.56.107, Destination: 192.168.1.7, Length: 1230 bytes
2024-12-09 00:49:47,984 - INFO - [PACKET 11] Type: TCP, Source: 91.108.56.107, Destination: 192.168.1.7, Length: 66 bytes
2024-12-09 00:49:55,284 - INFO - [PACKET 12] Type: TCP, Source: 91.108.56.107, Destination: 192.168.1.7, Length: 66 bytes
2024-12-09 00:49:57,416 - INFO - [PACKET 13] Type: TCP, Source: 91.108.56.107, Destination: 192.168.1.7, Length: 66 bytes
2024-12-09 00:49:59,921 - INFO - [PACKET 14] Type: TCP, Source: 91.108.56.107, Destination: 192.168.1.7, Length: 155 bytes
2024-12-09 00:50:13,417 - INFO - [PACKET 15] Type: TCP, Source: 91.108.56.107, Destination: 192.168.1.7, Length: 66 bytes
2024-12-09 00:50:13,643 - INFO - [PACKET 16] Type: TCP, Source: 91.108.56.107, Destination: 192.168.1.7, Length: 830 bytes
2024-12-09 00:50:14,553 - INFO - [PACKET 17] Type: TCP, Source: 91.108.56.107, Destination: 192.168.1.7, Length: 66 bytes
2024-12-09 00:50:15,284 - INFO - [PACKET 18] Type: TCP, Source: 91.108.56.107, Destination: 192.168.1.7, Length: 622 bytes
2024-12-09 00:50:24,615 - INFO - [PACKET 19] Type: TCP, Source: 91.108.56.107, Destination: 192.168.1.7, Length: 66 bytes
2024-12-09 00:50:43,817 - INFO - [PACKET 20] Type: TCP, Source: 91.108.56.107, Destination: 192.168.1.7, Length: 66 bytes
2024-12-09 00:50:43,943 - INFO - [PACKET 21] Type: TCP, Source: 91.108.56.107, Destination: 192.168.1.7, Length: 155 bytes
2024-12-09 00:50:53,409 - INFO - [PACKET 22] Type: UDP, Source: 192.168.1.7, Destination: 224.0.0.251, Length: 88 bytes
2024-12-09 00:50:55,537 - INFO - [PACKET 23] Type: TCP, Source: 192.168.1.7, Destination: 95.216.195.133, Length: 74 bytes
2024-12-09 00:50:55,809 - INFO - [PACKET 24] Type: TCP, Source: 95.216.195.133, Destination: 192.168.1.7, Length: 74 bytes
2024-12-09 00:50:55,922 - INFO - [PACKET 25] Type: TCP, Source: 192.168.1.7, Destination: 95.216.195.133, Length: 66 bytes
2024-12-09 00:50:56,045 - INFO - [PACKET 26] Type: TCP, Source: 192.168.1.7, Destination: 95.216.195.133, Length: 154 bytes
2024-12-09 00:51:14,449 - INFO - [PACKET 1] Captured at Mon Dec  9 00:51:14 2024: Packet (Length: 66)
[1m[33mLayer ETH
:[0m[1m[32m	Destination:[0m[1m 50:28:4a:d0:1c:b3
[0m[1m[32m	.... ..0. .... .... .... .... = LG bit:[0m[1m Globally unique address (factory default)
[0m[1m[32m	.... ...0 .... .... .... .... = IG bit:[0m[1m Individual address (unicast)
[0m[1m[32m	Source:[0m[1m 44:a3:c7:f6:38:ec
[0m[1m[32m	.... ..0. .... .... .... .... = LG bit:[0m[1m Globally unique address (factory default)
[0m[1m[32m	.... ...0 .... .... .... .... = IG bit:[0m[1m Individual address (unicast)
[0m[1m[32m	Type:[0m[1m IPv4 (0x0800)
[0m[1m[32m	Stream index:[0m[1m 0
[0m[1m[33mLayer IP
:[0m[1m[32m	0100 .... = Version:[0m[1m 4
[0m[1m[32m	.... 0101 = Header Length:[0m[1m 20 bytes (5)
[0m[1m[32m	Differentiated Services Field:[0m[1m 0x00 (DSCP: CS0, ECN: Not-ECT)
[0m[1m[32m	0000 00.. = Differentiated Services Codepoint:[0m[1m Default (0)
[0m[1m[32m	.... ..00 = Explicit Congestion Notification:[0m[1m Not ECN-Capable Transport (0)
[0m[1m[32m	Total Length:[0m[1m 52
[0m[1m[32m	Identification:[0m[1m 0xaa48 (43592)
[0m[1m[32m	010. .... = Flags:[0m[1m 0x2, Don't fragment
[0m[1m[32m	0... .... = Reserved bit:[0m[1m Not set
[0m[1m[32m	.1.. .... = Don't fragment:[0m[1m Set
[0m[1m[32m	..0. .... = More fragments:[0m[1m Not set
[0m[1m[32m	...0 0000 0000 0000 = Fragment Offset:[0m[1m 0
[0m[1m[32m	Time to Live:[0m[1m 54
[0m[1m[32m	Protocol:[0m[1m TCP (6)
[0m[1m[32m	Header Checksum:[0m[1m 0x44f5 [validation disabled]
[0m[1m[32m	Header checksum status:[0m[1m Unverified
[0m[1m[32m	Source Address:[0m[1m 91.108.56.107
[0m[1m[32m	Destination Address:[0m[1m 192.168.1.7
[0m[1m[32m	Stream index:[0m[1m 0
[0m[1m[33mLayer TCP
:[0m[1m[32m	Source Port:[0m[1m 443
[0m[1m[32m	Destination Port:[0m[1m 59346
[0m[1m[32m	Stream index:[0m[1m 0
[0m[1m[32m	Conversation completeness:[0m[1m Incomplete (0)
[0m[1m[32m	..0. .... = RST:[0m[1m Absent
[0m[1m[32m	...0 .... = FIN:[0m[1m Absent
[0m[1m[32m	.... 0... = Data:[0m[1m Absent
[0m[1m[32m	.... .0.. = ACK:[0m[1m Absent
[0m[1m[32m	.... ..0. = SYN-ACK:[0m[1m Absent
[0m[1m[32m	.... ...0 = SYN:[0m[1m Absent
[0m[1m[32m	Completeness Flags:[0m[1m [ Null ]
[0m[1m[32m	TCP Segment Len:[0m[1m 0
[0m[1m[32m	Sequence Number:[0m[1m 1    (relative sequence number)
[0m[1m[32m	Sequence Number (raw):[0m[1m 168098687
[0m[1m[32m	Next Sequence Number:[0m[1m 1    (relative sequence number)
[0m[1m[32m	Acknowledgment Number:[0m[1m 1    (relative ack number)
[0m[1m[32m	Acknowledgment number (raw):[0m[1m 4023213170
[0m[1m[32m	1000 .... = Header Length:[0m[1m 32 bytes (8)
[0m[1m[32m	Flags:[0m[1m 0x010 (ACK)
[0m[1m[32m	000. .... .... = Reserved:[0m[1m Not set
[0m[1m[32m	...0 .... .... = Accurate ECN:[0m[1m Not set
[0m[1m[32m	.... 0... .... = Congestion Window Reduced:[0m[1m Not set
[0m[1m[32m	.... .0.. .... = ECN-Echo:[0m[1m Not set
[0m[1m[32m	.... ..0. .... = Urgent:[0m[1m Not set
[0m[1m[32m	.... ...1 .... = Acknowledgment:[0m[1m Set
[0m[1m[32m	.... .... 0... = Push:[0m[1m Not set
[0m[1m[32m	.... .... .0.. = Reset:[0m[1m Not set
[0m[1m[32m	.... .... ..0. = Syn:[0m[1m Not set
[0m[1m[32m	.... .... ...0 = Fin:[0m[1m Not set
[0m[1m[32m	TCP Flags:[0m[1m Â·Â·Â·Â·Â·Â·Â·AÂ·Â·Â·Â·
[0m[1m[32m	Window:[0m[1m 32768
[0m[1m[32m	Calculated window size:[0m[1m 32768
[0m[1m[32m	Window size scaling factor:[0m[1m -1 (unknown)
[0m[1m[32m	Checksum:[0m[1m 0xb4b0 [unverified]
[0m[1m[32m	Checksum Status:[0m[1m Unverified
[0m[1m[32m	Urgent Pointer:[0m[1m 0
[0m[1m[32m	Options:[0m[1m (12 bytes), No-Operation (NOP), No-Operation (NOP), Timestamps
[0m[1m	TCP Option - No-Operation (NOP)
[0m[1m[32m	Kind:[0m[1m No-Operation (1)
[0m[1m[32m	TCP Option - Timestamps:[0m[1m TSval 2346066984, TSecr 353299494
[0m[1m[32m	Length:[0m[1m 10
[0m[1m[32m	Timestamp value:[0m[1m 2346066984
[0m[1m[32m	Timestamp echo reply:[0m[1m 353299494
[0m[1m	Timestamps
[0m[1m[32m	Time since first frame in this TCP stream:[0m[1m 0.000000000 seconds
[0m[1m[32m	Time since previous frame in this TCP stream:[0m[1m 0.000000000 seconds
[0m[1m	TCP Option - No-Operation (NOP)
[0m[1m[32m	Kind:[0m[1m No-Operation (1)
[0m[1m[32m	Kind:[0m[1m Time Stamp Option (8)
[0m
2024-12-09 00:51:17,466 - INFO - [PACKET 2] Captured at Mon Dec  9 00:51:17 2024: Packet (Length: 155)
[1m[33mLayer ETH
:[0m[1m[32m	Destination:[0m[1m 50:28:4a:d0:1c:b3
[0m[1m[32m	.... ..0. .... .... .... .... = LG bit:[0m[1m Globally unique address (factory default)
[0m[1m[32m	.... ...0 .... .... .... .... = IG bit:[0m[1m Individual address (unicast)
[0m[1m[32m	Source:[0m[1m 44:a3:c7:f6:38:ec
[0m[1m[32m	.... ..0. .... .... .... .... = LG bit:[0m[1m Globally unique address (factory default)
[0m[1m[32m	.... ...0 .... .... .... .... = IG bit:[0m[1m Individual address (unicast)
[0m[1m[32m	Type:[0m[1m IPv4 (0x0800)
[0m[1m[32m	Stream index:[0m[1m 0
[0m[1m[33mLayer IP
:[0m[1m[32m	0100 .... = Version:[0m[1m 4
[0m[1m[32m	.... 0101 = Header Length:[0m[1m 20 bytes (5)
[0m[1m[32m	Differentiated Services Field:[0m[1m 0x00 (DSCP: CS0, ECN: Not-ECT)
[0m[1m[32m	0000 00.. = Differentiated Services Codepoint:[0m[1m Default (0)
[0m[1m[32m	.... ..00 = Explicit Congestion Notification:[0m[1m Not ECN-Capable Transport (0)
[0m[1m[32m	Total Length:[0m[1m 141
[0m[1m[32m	Identification:[0m[1m 0xaa49 (43593)
[0m[1m[32m	010. .... = Flags:[0m[1m 0x2, Don't fragment
[0m[1m[32m	0... .... = Reserved bit:[0m[1m Not set
[0m[1m[32m	.1.. .... = Don't fragment:[0m[1m Set
[0m[1m[32m	..0. .... = More fragments:[0m[1m Not set
[0m[1m[32m	...0 0000 0000 0000 = Fragment Offset:[0m[1m 0
[0m[1m[32m	Time to Live:[0m[1m 54
[0m[1m[32m	Protocol:[0m[1m TCP (6)
[0m[1m[32m	Header Checksum:[0m[1m 0x449b [validation disabled]
[0m[1m[32m	Header checksum status:[0m[1m Unverified
[0m[1m[32m	Source Address:[0m[1m 91.108.56.107
[0m[1m[32m	Destination Address:[0m[1m 192.168.1.7
[0m[1m[32m	Stream index:[0m[1m 0
[0m[1m[33mLayer TCP
:[0m[1m[32m	Source Port:[0m[1m 443
[0m[1m[32m	Destination Port:[0m[1m 59346
[0m[1m[32m	Stream index:[0m[1m 0
[0m[1m[32m	Conversation completeness:[0m[1m Incomplete (4)
[0m[1m[32m	..0. .... = RST:[0m[1m Absent
[0m[1m[32m	...0 .... = FIN:[0m[1m Absent
[0m[1m[32m	.... 0... = Data:[0m[1m Absent
[0m[1m[32m	.... .1.. = ACK:[0m[1m Present
[0m[1m[32m	.... ..0. = SYN-ACK:[0m[1m Absent
[0m[1m[32m	.... ...0 = SYN:[0m[1m Absent
[0m[1m[32m	Completeness Flags:[0m[1m Â·Â·Â·AÂ·Â·
[0m[1m[32m	TCP Segment Len:[0m[1m 89
[0m[1m[32m	Sequence Number:[0m[1m 1    (relative sequence number)
[0m[1m[32m	Sequence Number (raw):[0m[1m 168098687
[0m[1m[32m	Next Sequence Number:[0m[1m 90    (relative sequence number)
[0m[1m[32m	Acknowledgment Number:[0m[1m 1    (relative ack number)
[0m[1m[32m	Acknowledgment number (raw):[0m[1m 4023213170
[0m[1m[32m	1000 .... = Header Length:[0m[1m 32 bytes (8)
[0m[1m[32m	Flags:[0m[1m 0x018 (PSH, ACK)
[0m[1m[32m	000. .... .... = Reserved:[0m[1m Not set
[0m[1m[32m	...0 .... .... = Accurate ECN:[0m[1m Not set
[0m[1m[32m	.... 0... .... = Congestion Window Reduced:[0m[1m Not set
[0m[1m[32m	.... .0.. .... = ECN-Echo:[0m[1m Not set
[0m[1m[32m	.... ..0. .... = Urgent:[0m[1m Not set
[0m[1m[32m	.... ...1 .... = Acknowledgment:[0m[1m Set
[0m[1m[32m	.... .... 1... = Push:[0m[1m Set
[0m[1m[32m	.... .... .0.. = Reset:[0m[1m Not set
[0m[1m[32m	.... .... ..0. = Syn:[0m[1m Not set
[0m[1m[32m	.... .... ...0 = Fin:[0m[1m Not set
[0m[1m[32m	TCP Flags:[0m[1m Â·Â·Â·Â·Â·Â·Â·APÂ·Â·Â·
[0m[1m[32m	Window:[0m[1m 32768
[0m[1m[32m	Calculated window size:[0m[1m 32768
[0m[1m[32m	Window size scaling factor:[0m[1m -1 (unknown)
[0m[1m[32m	Checksum:[0m[1m 0xe95e [unverified]
[0m[1m[32m	Checksum Status:[0m[1m Unverified
[0m[1m[32m	Urgent Pointer:[0m[1m 0
[0m[1m[32m	Options:[0m[1m (12 bytes), No-Operation (NOP), No-Operation (NOP), Timestamps
[0m[1m	TCP Option - No-Operation (NOP)
[0m[1m[32m	Kind:[0m[1m No-Operation (1)
[0m[1m[32m	TCP Option - Timestamps:[0m[1m TSval 2346066985, TSecr 353299494
[0m[1m[32m	Length:[0m[1m 10
[0m[1m[32m	Timestamp value:[0m[1m 2346066985
[0m[1m[32m	Timestamp echo reply:[0m[1m 353299494
[0m[1m	Timestamps
[0m[1m[32m	Time since first frame in this TCP stream:[0m[1m 0.000013369 seconds
[0m[1m[32m	Time since previous frame in this TCP stream:[0m[1m 0.000013369 seconds
[0m[1m	SEQ/ACK analysis
[0m[1m[32m	Bytes in flight:[0m[1m 89
[0m[1m[32m	Bytes sent since last PSH flag:[0m[1m 89
[0m[1m	TCP payload (89 bytes)
[0m[1m	TCP Option - No-Operation (NOP)
[0m[1m[32m	Kind:[0m[1m No-Operation (1)
[0m[1m[32m	Kind:[0m[1m Time Stamp Option (8)
[0m[1m[33mLayer TLS
:[0m
2024-12-09 00:51:45,075 - INFO - [PACKET 3] Captured at Mon Dec  9 00:51:45 2024: Packet (Length: 66)
[1m[33mLayer ETH
:[0m[1m[32m	Destination:[0m[1m 50:28:4a:d0:1c:b3
[0m[1m[32m	.... ..0. .... .... .... .... = LG bit:[0m[1m Globally unique address (factory default)
[0m[1m[32m	.... ...0 .... .... .... .... = IG bit:[0m[1m Individual address (unicast)
[0m[1m[32m	Source:[0m[1m 44:a3:c7:f6:38:ec
[0m[1m[32m	.... ..0. .... .... .... .... = LG bit:[0m[1m Globally unique address (factory default)
[0m[1m[32m	.... ...0 .... .... .... .... = IG bit:[0m[1m Individual address (unicast)
[0m[1m[32m	Type:[0m[1m IPv4 (0x0800)
[0m[1m[32m	Stream index:[0m[1m 0
[0m[1m[33mLayer IP
:[0m[1m[32m	0100 .... = Version:[0m[1m 4
[0m[1m[32m	.... 0101 = Header Length:[0m[1m 20 bytes (5)
[0m[1m[32m	Differentiated Services Field:[0m[1m 0x00 (DSCP: CS0, ECN: Not-ECT)
[0m[1m[32m	0000 00.. = Differentiated Services Codepoint:[0m[1m Default (0)
[0m[1m[32m	.... ..00 = Explicit Congestion Notification:[0m[1m Not ECN-Capable Transport (0)
[0m[1m[32m	Total Length:[0m[1m 52
[0m[1m[32m	Identification:[0m[1m 0x0000 (0)
[0m[1m[32m	010. .... = Flags:[0m[1m 0x2, Don't fragment
[0m[1m[32m	0... .... = Reserved bit:[0m[1m Not set
[0m[1m[32m	.1.. .... = Don't fragment:[0m[1m Set
[0m[1m[32m	..0. .... = More fragments:[0m[1m Not set
[0m[1m[32m	...0 0000 0000 0000 = Fragment Offset:[0m[1m 0
[0m[1m[32m	Time to Live:[0m[1m 60
[0m[1m[32m	Protocol:[0m[1m TCP (6)
[0m[1m[32m	Header Checksum:[0m[1m 0xe93d [validation disabled]
[0m[1m[32m	Header checksum status:[0m[1m Unverified
[0m[1m[32m	Source Address:[0m[1m 91.108.56.107
[0m[1m[32m	Destination Address:[0m[1m 192.168.1.7
[0m[1m[32m	Stream index:[0m[1m 0
[0m[1m[33mLayer TCP
:[0m[1m[32m	Source Port:[0m[1m 443
[0m[1m[32m	Destination Port:[0m[1m 59346
[0m[1m[32m	Stream index:[0m[1m 0
[0m[1m[32m	Conversation completeness:[0m[1m Incomplete (12)
[0m[1m[32m	..0. .... = RST:[0m[1m Absent
[0m[1m[32m	...0 .... = FIN:[0m[1m Absent
[0m[1m[32m	.... 1... = Data:[0m[1m Present
[0m[1m[32m	.... .1.. = ACK:[0m[1m Present
[0m[1m[32m	.... ..0. = SYN-ACK:[0m[1m Absent
[0m[1m[32m	.... ...0 = SYN:[0m[1m Absent
[0m[1m[32m	Completeness Flags:[0m[1m Â·Â·DAÂ·Â·
[0m[1m[32m	TCP Segment Len:[0m[1m 0
[0m[1m[32m	Sequence Number:[0m[1m 89    (relative sequence number)
[0m[1m[32m	Sequence Number (raw):[0m[1m 168098775
[0m[1m[32m	Next Sequence Number:[0m[1m 89    (relative sequence number)
[0m[1m[32m	Acknowledgment Number:[0m[1m 1    (relative ack number)
[0m[1m[32m	Acknowledgment number (raw):[0m[1m 4023213170
[0m[1m[32m	1000 .... = Header Length:[0m[1m 32 bytes (8)
[0m[1m[32m	Flags:[0m[1m 0x010 (ACK)
[0m[1m[32m	000. .... .... = Reserved:[0m[1m Not set
[0m[1m[32m	...0 .... .... = Accurate ECN:[0m[1m Not set
[0m[1m[32m	.... 0... .... = Congestion Window Reduced:[0m[1m Not set
[0m[1m[32m	.... .0.. .... = ECN-Echo:[0m[1m Not set
[0m[1m[32m	.... ..0. .... = Urgent:[0m[1m Not set
[0m[1m[32m	.... ...1 .... = Acknowledgment:[0m[1m Set
[0m[1m[32m	.... .... 0... = Push:[0m[1m Not set
[0m[1m[32m	.... .... .0.. = Reset:[0m[1m Not set
[0m[1m[32m	.... .... ..0. = Syn:[0m[1m Not set
[0m[1m[32m	.... .... ...0 = Fin:[0m[1m Not set
[0m[1m[32m	TCP Flags:[0m[1m Â·Â·Â·Â·Â·Â·Â·AÂ·Â·Â·Â·
[0m[1m[32m	Window:[0m[1m 32768
[0m[1m[32m	Calculated window size:[0m[1m 32768
[0m[1m[32m	Window size scaling factor:[0m[1m -1 (unknown)
[0m[1m[32m	Checksum:[0m[1m 0xb3ed [unverified]
[0m[1m[32m	Checksum Status:[0m[1m Unverified
[0m[1m[32m	Urgent Pointer:[0m[1m 0
[0m[1m[32m	Options:[0m[1m (12 bytes), No-Operation (NOP), No-Operation (NOP), Timestamps
[0m[1m	TCP Option - No-Operation (NOP)
[0m[1m[32m	Kind:[0m[1m No-Operation (1)
[0m[1m[32m	TCP Option - Timestamps:[0m[1m TSval 2346066985, TSecr 353299600
[0m[1m[32m	Length:[0m[1m 10
[0m[1m[32m	Timestamp value:[0m[1m 2346066985
[0m[1m[32m	Timestamp echo reply:[0m[1m 353299600
[0m[1m	Timestamps
[0m[1m[32m	Time since first frame in this TCP stream:[0m[1m 30.618202367 seconds
[0m[1m[32m	Time since previous frame in this TCP stream:[0m[1m 30.618188998 seconds
[0m[1m	SEQ/ACK analysis
[0m[1m	TCP Analysis Flags
[0m[1m[32m	Expert Info (Note/Sequence):[0m[1m TCP keep-alive segment
[0m[1m	TCP keep-alive segment
[0m[1m[32m	Severity level:[0m[1m Note
[0m[1m[32m	Group:[0m[1m Sequence
[0m[1m	TCP Option - No-Operation (NOP)
[0m[1m[32m	Kind:[0m[1m No-Operation (1)
[0m[1m[32m	Kind:[0m[1m Time Stamp Option (8)
[0m
2024-12-09 00:53:05,190 - INFO - [PACKET 1] Type: TCP, Source: 91.108.56.107, Destination: 192.168.1.7, Length: 66 bytes
2024-12-09 00:53:24,457 - INFO - [PACKET 2] Type: TCP, Source: 91.108.56.107, Destination: 192.168.1.7, Length: 155 bytes
2024-12-09 00:53:41,192 - INFO - [PACKET 3] Type: TCP, Source: 91.108.56.107, Destination: 192.168.1.7, Length: 66 bytes
2024-12-09 00:56:30,853 - ERROR - Task exception was never retrieved
future: <Task finished name='Task-6' coro=<TsharkXmlParser.get_packets_from_stream() done, defined at /home/archuser/Downloads/intrusion-detection-system-based-on-custom-rules/.venv/lib/python3.12/site-packages/pyshark/tshark/output_parser/tshark_xml.py:24> exception=EOFError()>
Traceback (most recent call last):
  File "/home/archuser/Downloads/intrusion-detection-system-based-on-custom-rules/main.py", line 83, in <module>
    menu.run()
  File "/home/archuser/Downloads/intrusion-detection-system-based-on-custom-rules/main.py", line 56, in run
    self.ids_system.start(verbose=verbose)
  File "/home/archuser/Downloads/intrusion-detection-system-based-on-custom-rules/main.py", line 21, in start
    self.traffic_monitor.start_capture(
  File "/home/archuser/Downloads/intrusion-detection-system-based-on-custom-rules/network_traffic_monitor/traffic_monitor.py", line 70, in start_capture
    for packet in capture.sniff_continuously():
                  ^^^^^^^^^^^^^^^^^^^^^^^^^^^^
  File "/home/archuser/Downloads/intrusion-detection-system-based-on-custom-rules/.venv/lib/python3.12/site-packages/pyshark/capture/capture.py", line 221, in _packets_from_tshark_sync
    packet, data = self.eventloop.run_until_complete(
                   ^^^^^^^^^^^^^^^^^^^^^^^^^^^^^^^^^^
  File "/usr/lib/python3.12/asyncio/base_events.py", line 674, in run_until_complete
    self.run_forever()
  File "/usr/lib/python3.12/asyncio/base_events.py", line 641, in run_forever
    self._run_once()
  File "/usr/lib/python3.12/asyncio/base_events.py", line 1948, in _run_once
    event_list = self._selector.select(timeout)
                 ^^^^^^^^^^^^^^^^^^^^^^^^^^^^^^
  File "/usr/lib/python3.12/selectors.py", line 468, in select
    fd_event_list = self._selector.poll(timeout, max_ev)
                    ^^^^^^^^^^^^^^^^^^^^^^^^^^^^^^^^^^^^
KeyboardInterrupt

During handling of the above exception, another exception occurred:

Traceback (most recent call last):
  File "/home/archuser/Downloads/intrusion-detection-system-based-on-custom-rules/.venv/lib/python3.12/site-packages/pyshark/tshark/output_parser/tshark_xml.py", line 27, in get_packets_from_stream
    return await super().get_packets_from_stream(stream, existing_data, got_first_packet=got_first_packet)
           ^^^^^^^^^^^^^^^^^^^^^^^^^^^^^^^^^^^^^^^^^^^^^^^^^^^^^^^^^^^^^^^^^^^^^^^^^^^^^^^^^^^^^^^^^^^^^^^
  File "/home/archuser/Downloads/intrusion-detection-system-based-on-custom-rules/.venv/lib/python3.12/site-packages/pyshark/tshark/output_parser/base_parser.py", line 22, in get_packets_from_stream
    raise EOFError()
EOFError
2024-12-09 00:56:41,115 - INFO - Packet #1: Protocol=TCP, Source=91.108.56.107, Destination=192.168.1.7, Length=66 bytes
2024-12-09 00:57:52,980 - INFO - Packet #2: Protocol=TCP, Source=91.108.56.107, Destination=192.168.1.7, Length=155 bytes
2024-12-09 00:57:53,743 - INFO - Packet #3: Protocol=TCP, Source=91.108.56.107, Destination=192.168.1.7, Length=66 bytes
2024-12-09 00:57:54,216 - INFO - Packet #4: Protocol=TCP, Source=91.108.56.107, Destination=192.168.1.7, Length=155 bytes
2024-12-09 00:57:56,489 - ERROR - Task exception was never retrieved
future: <Task finished name='Task-12' coro=<TsharkXmlParser.get_packets_from_stream() done, defined at /home/archuser/Downloads/intrusion-detection-system-based-on-custom-rules/.venv/lib/python3.12/site-packages/pyshark/tshark/output_parser/tshark_xml.py:24> exception=EOFError()>
Traceback (most recent call last):
  File "/home/archuser/Downloads/intrusion-detection-system-based-on-custom-rules/main.py", line 83, in <module>
    menu.run()
  File "/home/archuser/Downloads/intrusion-detection-system-based-on-custom-rules/main.py", line 56, in run
    self.ids_system.start(verbose=verbose)
  File "/home/archuser/Downloads/intrusion-detection-system-based-on-custom-rules/main.py", line 21, in start
    self.traffic_monitor.start_capture(
  File "/home/archuser/Downloads/intrusion-detection-system-based-on-custom-rules/network_traffic_monitor/traffic_monitor.py", line 70, in start_capture
    for packet in capture.sniff_continuously():
                  ^^^^^^^^^^^^^^^^^^^^^^^^^^^^
  File "/home/archuser/Downloads/intrusion-detection-system-based-on-custom-rules/.venv/lib/python3.12/site-packages/pyshark/capture/capture.py", line 221, in _packets_from_tshark_sync
    packet, data = self.eventloop.run_until_complete(
                   ^^^^^^^^^^^^^^^^^^^^^^^^^^^^^^^^^^
  File "/usr/lib/python3.12/asyncio/base_events.py", line 674, in run_until_complete
    self.run_forever()
  File "/usr/lib/python3.12/asyncio/base_events.py", line 641, in run_forever
    self._run_once()
  File "/usr/lib/python3.12/asyncio/base_events.py", line 1948, in _run_once
    event_list = self._selector.select(timeout)
                 ^^^^^^^^^^^^^^^^^^^^^^^^^^^^^^
  File "/usr/lib/python3.12/selectors.py", line 468, in select
    fd_event_list = self._selector.poll(timeout, max_ev)
                    ^^^^^^^^^^^^^^^^^^^^^^^^^^^^^^^^^^^^
KeyboardInterrupt

During handling of the above exception, another exception occurred:

Traceback (most recent call last):
  File "/home/archuser/Downloads/intrusion-detection-system-based-on-custom-rules/.venv/lib/python3.12/site-packages/pyshark/tshark/output_parser/tshark_xml.py", line 27, in get_packets_from_stream
    return await super().get_packets_from_stream(stream, existing_data, got_first_packet=got_first_packet)
           ^^^^^^^^^^^^^^^^^^^^^^^^^^^^^^^^^^^^^^^^^^^^^^^^^^^^^^^^^^^^^^^^^^^^^^^^^^^^^^^^^^^^^^^^^^^^^^^
  File "/home/archuser/Downloads/intrusion-detection-system-based-on-custom-rules/.venv/lib/python3.12/site-packages/pyshark/tshark/output_parser/base_parser.py", line 22, in get_packets_from_stream
    raise EOFError()
EOFError
2024-12-09 00:58:00,640 - INFO - Packet #1: Protocol=TCP, Source=91.108.56.107, Destination=192.168.1.7, Length=66 bytes
2024-12-09 00:58:04,968 - INFO - Packet #2: Protocol=TCP, Source=91.108.56.107, Destination=192.168.1.7, Length=155 bytes
2024-12-09 00:58:05,666 - INFO - Packet #3: Protocol=TCP, Source=91.108.56.107, Destination=192.168.1.7, Length=66 bytes
2024-12-09 00:58:06,257 - INFO - Packet #4: Protocol=TCP, Source=91.108.56.107, Destination=192.168.1.7, Length=155 bytes
2024-12-09 00:58:10,511 - INFO - Packet #5: Protocol=TCP, Source=91.108.56.107, Destination=192.168.1.7, Length=66 bytes
2024-12-09 00:59:07,170 - ERROR - Task exception was never retrieved
future: <Task finished name='Task-6' coro=<TsharkXmlParser.get_packets_from_stream() done, defined at /home/archuser/Downloads/intrusion-detection-system-based-on-custom-rules/.venv/lib/python3.12/site-packages/pyshark/tshark/output_parser/tshark_xml.py:24> exception=EOFError()>
Traceback (most recent call last):
  File "/home/archuser/Downloads/intrusion-detection-system-based-on-custom-rules/main.py", line 83, in <module>
    menu.run()
  File "/home/archuser/Downloads/intrusion-detection-system-based-on-custom-rules/main.py", line 56, in run
    self.ids_system.start(verbose=verbose)
  File "/home/archuser/Downloads/intrusion-detection-system-based-on-custom-rules/main.py", line 21, in start
    self.traffic_monitor.start_capture(
  File "/home/archuser/Downloads/intrusion-detection-system-based-on-custom-rules/network_traffic_monitor/traffic_monitor.py", line 50, in start_capture
    for packet in capture.sniff_continuously():
                  ^^^^^^^^^^^^^^^^^^^^^^^^^^^^
  File "/home/archuser/Downloads/intrusion-detection-system-based-on-custom-rules/.venv/lib/python3.12/site-packages/pyshark/capture/capture.py", line 221, in _packets_from_tshark_sync
    packet, data = self.eventloop.run_until_complete(
                   ^^^^^^^^^^^^^^^^^^^^^^^^^^^^^^^^^^
  File "/usr/lib/python3.12/asyncio/base_events.py", line 674, in run_until_complete
    self.run_forever()
  File "/usr/lib/python3.12/asyncio/base_events.py", line 641, in run_forever
    self._run_once()
  File "/usr/lib/python3.12/asyncio/base_events.py", line 1948, in _run_once
    event_list = self._selector.select(timeout)
                 ^^^^^^^^^^^^^^^^^^^^^^^^^^^^^^
  File "/usr/lib/python3.12/selectors.py", line 468, in select
    fd_event_list = self._selector.poll(timeout, max_ev)
                    ^^^^^^^^^^^^^^^^^^^^^^^^^^^^^^^^^^^^
KeyboardInterrupt

During handling of the above exception, another exception occurred:

Traceback (most recent call last):
  File "/home/archuser/Downloads/intrusion-detection-system-based-on-custom-rules/.venv/lib/python3.12/site-packages/pyshark/tshark/output_parser/tshark_xml.py", line 27, in get_packets_from_stream
    return await super().get_packets_from_stream(stream, existing_data, got_first_packet=got_first_packet)
           ^^^^^^^^^^^^^^^^^^^^^^^^^^^^^^^^^^^^^^^^^^^^^^^^^^^^^^^^^^^^^^^^^^^^^^^^^^^^^^^^^^^^^^^^^^^^^^^
  File "/home/archuser/Downloads/intrusion-detection-system-based-on-custom-rules/.venv/lib/python3.12/site-packages/pyshark/tshark/output_parser/base_parser.py", line 22, in get_packets_from_stream
    raise EOFError()
EOFError
2024-12-09 10:18:09,609 - INFO - Packet #1: Protocol=TCP, Source=140.82.113.26, Destination=192.168.1.7, Length=91 bytes
2024-12-09 10:18:26,364 - INFO - Packet #2: Protocol=TCP, Source=192.168.1.7, Destination=140.82.113.26, Length=95 bytes
2024-12-09 10:22:39,194 - INFO - Packet #1: Protocol=TCP, Source=91.108.56.107, Destination=192.168.1.7, Length=66 bytes
2024-12-09 10:22:40,577 - INFO - Packet #2: Protocol=TCP, Source=91.108.56.107, Destination=192.168.1.7, Length=4442 bytes
2024-12-09 10:22:41,051 - INFO - Packet #3: Protocol=TCP, Source=91.108.56.107, Destination=192.168.1.7, Length=66 bytes
2024-12-09 10:22:41,476 - INFO - Packet #4: Protocol=TCP, Source=91.108.56.107, Destination=192.168.1.7, Length=66 bytes
2024-12-09 10:22:41,784 - INFO - Packet #5: Protocol=TCP, Source=91.108.56.107, Destination=192.168.1.7, Length=443 bytes
2024-12-09 10:22:42,457 - INFO - Packet #6: Protocol=TCP, Source=91.108.56.107, Destination=192.168.1.7, Length=66 bytes
2024-12-09 10:22:42,821 - INFO - Packet #7: Protocol=TCP, Source=91.108.56.107, Destination=192.168.1.7, Length=2046 bytes
2024-12-09 10:22:43,104 - INFO - Packet #8: Protocol=TCP, Source=91.108.56.107, Destination=192.168.1.7, Length=66 bytes
2024-12-09 10:22:43,389 - INFO - Packet #9: Protocol=TCP, Source=91.108.56.107, Destination=192.168.1.7, Length=2190 bytes
2024-12-09 10:22:43,679 - INFO - Packet #10: Protocol=TCP, Source=34.107.243.93, Destination=192.168.1.7, Length=66 bytes
2024-12-09 10:22:44,381 - INFO - Packet #11: Protocol=TCP, Source=91.108.56.107, Destination=192.168.1.7, Length=66 bytes
2024-12-09 10:29:08,556 - INFO - Packet #52: Protocol=UDP, Source=192.168.1.7, Destination=192.168.1.255, Length=92 bytes
2024-12-09 10:29:19,380 - INFO - Packet #56: Protocol=UDP, Source=192.168.1.7, Destination=192.168.1.255, Length=92 bytes
2024-12-09 10:29:24,014 - INFO - Packet #60: Protocol=UDP, Source=192.168.1.7, Destination=192.168.1.255, Length=92 bytes
2024-12-09 10:29:56,529 - INFO - Packet #62: Protocol=UDP, Source=192.168.1.7, Destination=192.168.1.255, Length=92 bytes
2024-12-09 10:29:58,090 - INFO - Packet #65: Protocol=UDP, Source=192.168.1.7, Destination=192.168.1.255, Length=92 bytes
2024-12-09 10:29:58,690 - INFO - Packet #67: Protocol=UDP, Source=192.168.1.7, Destination=192.168.1.255, Length=92 bytes
2024-12-09 10:29:59,087 - INFO - Packet #70: Protocol=UDP, Source=192.168.1.7, Destination=192.168.1.255, Length=92 bytes
2024-12-09 10:30:02,146 - INFO - Packet #72: Protocol=UDP, Source=192.168.1.7, Destination=192.168.1.255, Length=92 bytes
2024-12-09 10:31:41,991 - INFO - Packet #6: Protocol=UDP, Source=192.168.1.7, Destination=192.168.1.255, Length=92 bytes
